{"/Users/kimanindegwa/Work/main/Personal/qitabuh/client/constants.js": {"path":"/Users/kimanindegwa/Work/main/Personal/qitabuh/client/constants.js","statementMap":{"0":{"start":{"line":1,"column":23},"end":{"line":3,"column":27}}},"fnMap":{},"branchMap":{"0":{"loc":{"start":{"line":1,"column":23},"end":{"line":3,"column":27}},"type":"cond-expr","locations":[{"start":{"line":2,"column":0},"end":{"line":2,"column":63}},{"start":{"line":3,"column":0},"end":{"line":3,"column":27}}],"line":1}},"s":{"0":1},"f":{},"b":{"0":[0,1]},"_coverageSchema":"1a1c01bbd47fc00a2c39e90264f33305004495a9","hash":"5ccd7aa6f701eafe4d37be3d9e5c89ecd874d4bf"}
,"/Users/kimanindegwa/Work/main/Personal/qitabuh/client/helpers.js": {"path":"/Users/kimanindegwa/Work/main/Personal/qitabuh/client/helpers.js","statementMap":{"0":{"start":{"line":1,"column":22},"end":{"line":36,"column":1}},"1":{"start":{"line":6,"column":4},"end":{"line":16,"column":5}},"2":{"start":{"line":7,"column":8},"end":{"line":15,"column":9}},"3":{"start":{"line":8,"column":8},"end":{"line":8,"column":27}},"4":{"start":{"line":9,"column":8},"end":{"line":9,"column":23}},"5":{"start":{"line":10,"column":8},"end":{"line":10,"column":73}},"6":{"start":{"line":11,"column":15},"end":{"line":15,"column":9}},"7":{"start":{"line":12,"column":12},"end":{"line":12,"column":47}},"8":{"start":{"line":14,"column":12},"end":{"line":14,"column":37}},"9":{"start":{"line":18,"column":4},"end":{"line":28,"column":5}},"10":{"start":{"line":19,"column":8},"end":{"line":19,"column":25}},"11":{"start":{"line":20,"column":8},"end":{"line":27,"column":9}},"12":{"start":{"line":21,"column":12},"end":{"line":21,"column":31}},"13":{"start":{"line":22,"column":12},"end":{"line":22,"column":77}},"14":{"start":{"line":23,"column":15},"end":{"line":27,"column":9}},"15":{"start":{"line":24,"column":12},"end":{"line":24,"column":46}},"16":{"start":{"line":26,"column":12},"end":{"line":26,"column":37}},"17":{"start":{"line":30,"column":4},"end":{"line":32,"column":5}},"18":{"start":{"line":31,"column":8},"end":{"line":31,"column":40}},"19":{"start":{"line":34,"column":4},"end":{"line":34,"column":23}},"20":{"start":{"line":38,"column":36},"end":{"line":54,"column":1}},"21":{"start":{"line":39,"column":4},"end":{"line":42,"column":6}},"22":{"start":{"line":39,"column":30},"end":{"line":42,"column":6}},"23":{"start":{"line":44,"column":20},"end":{"line":44,"column":95}},"24":{"start":{"line":44,"column":45},"end":{"line":44,"column":94}},"25":{"start":{"line":45,"column":20},"end":{"line":47,"column":5}},"26":{"start":{"line":46,"column":8},"end":{"line":46,"column":25}},"27":{"start":{"line":49,"column":24},"end":{"line":49,"column":50}},"28":{"start":{"line":50,"column":4},"end":{"line":53,"column":6}}},"fnMap":{"0":{"name":"(anonymous_0)","decl":{"start":{"line":1,"column":22},"end":{"line":1,"column":23}},"loc":{"start":{"line":1,"column":52},"end":{"line":36,"column":1}},"line":1},"1":{"name":"(anonymous_1)","decl":{"start":{"line":38,"column":36},"end":{"line":38,"column":37}},"loc":{"start":{"line":38,"column":55},"end":{"line":54,"column":1}},"line":38},"2":{"name":"(anonymous_2)","decl":{"start":{"line":44,"column":38},"end":{"line":44,"column":39}},"loc":{"start":{"line":44,"column":45},"end":{"line":44,"column":94}},"line":44},"3":{"name":"(anonymous_3)","decl":{"start":{"line":45,"column":20},"end":{"line":45,"column":21}},"loc":{"start":{"line":45,"column":35},"end":{"line":47,"column":5}},"line":45}},"branchMap":{"0":{"loc":{"start":{"line":6,"column":4},"end":{"line":16,"column":5}},"type":"if","locations":[{"start":{"line":6,"column":4},"end":{"line":16,"column":5}},{"start":{"line":6,"column":4},"end":{"line":16,"column":5}}],"line":6},"1":{"loc":{"start":{"line":7,"column":8},"end":{"line":15,"column":9}},"type":"if","locations":[{"start":{"line":7,"column":8},"end":{"line":15,"column":9}},{"start":{"line":7,"column":8},"end":{"line":15,"column":9}}],"line":7},"2":{"loc":{"start":{"line":11,"column":15},"end":{"line":15,"column":9}},"type":"if","locations":[{"start":{"line":11,"column":15},"end":{"line":15,"column":9}},{"start":{"line":11,"column":15},"end":{"line":15,"column":9}}],"line":11},"3":{"loc":{"start":{"line":18,"column":4},"end":{"line":28,"column":5}},"type":"if","locations":[{"start":{"line":18,"column":4},"end":{"line":28,"column":5}},{"start":{"line":18,"column":4},"end":{"line":28,"column":5}}],"line":18},"4":{"loc":{"start":{"line":20,"column":8},"end":{"line":27,"column":9}},"type":"if","locations":[{"start":{"line":20,"column":8},"end":{"line":27,"column":9}},{"start":{"line":20,"column":8},"end":{"line":27,"column":9}}],"line":20},"5":{"loc":{"start":{"line":23,"column":15},"end":{"line":27,"column":9}},"type":"if","locations":[{"start":{"line":23,"column":15},"end":{"line":27,"column":9}},{"start":{"line":23,"column":15},"end":{"line":27,"column":9}}],"line":23},"6":{"loc":{"start":{"line":30,"column":4},"end":{"line":32,"column":5}},"type":"if","locations":[{"start":{"line":30,"column":4},"end":{"line":32,"column":5}},{"start":{"line":30,"column":4},"end":{"line":32,"column":5}}],"line":30},"7":{"loc":{"start":{"line":39,"column":4},"end":{"line":42,"column":6}},"type":"if","locations":[{"start":{"line":39,"column":4},"end":{"line":42,"column":6}},{"start":{"line":39,"column":4},"end":{"line":42,"column":6}}],"line":39}},"s":{"0":2,"1":5,"2":0,"3":0,"4":0,"5":0,"6":0,"7":0,"8":0,"9":5,"10":0,"11":0,"12":0,"13":0,"14":0,"15":0,"16":0,"17":5,"18":0,"19":5,"20":2,"21":4,"22":1,"23":3,"24":5,"25":3,"26":5,"27":3,"28":3},"f":{"0":5,"1":4,"2":5,"3":5},"b":{"0":[0,5],"1":[0,0],"2":[0,0],"3":[0,5],"4":[0,0],"5":[0,0],"6":[0,5],"7":[1,3]},"_coverageSchema":"1a1c01bbd47fc00a2c39e90264f33305004495a9","hash":"c6976102b3c5ef0483c4d5217e0e4ed51cf6332c"}
,"/Users/kimanindegwa/Work/main/Personal/qitabuh/client/Book/Book.jsx": {"path":"/Users/kimanindegwa/Work/main/Personal/qitabuh/client/Book/Book.jsx","statementMap":{"0":{"start":{"line":5,"column":13},"end":{"line":26,"column":1}},"1":{"start":{"line":6,"column":26},"end":{"line":6,"column":30}},"2":{"start":{"line":7,"column":4},"end":{"line":14,"column":5}},"3":{"start":{"line":8,"column":8},"end":{"line":13,"column":10}},"4":{"start":{"line":10,"column":25},"end":{"line":10,"column":46}},"5":{"start":{"line":15,"column":4},"end":{"line":25,"column":9}},"6":{"start":{"line":17,"column":27},"end":{"line":17,"column":51}},"7":{"start":{"line":21,"column":26},"end":{"line":21,"column":45}},"8":{"start":{"line":28,"column":0},"end":{"line":34,"column":2}}},"fnMap":{"0":{"name":"(anonymous_0)","decl":{"start":{"line":5,"column":13},"end":{"line":5,"column":14}},"loc":{"start":{"line":5,"column":71},"end":{"line":26,"column":1}},"line":5},"1":{"name":"(anonymous_1)","decl":{"start":{"line":10,"column":18},"end":{"line":10,"column":19}},"loc":{"start":{"line":10,"column":25},"end":{"line":10,"column":46}},"line":10},"2":{"name":"(anonymous_2)","decl":{"start":{"line":17,"column":20},"end":{"line":17,"column":21}},"loc":{"start":{"line":17,"column":27},"end":{"line":17,"column":51}},"line":17},"3":{"name":"(anonymous_3)","decl":{"start":{"line":21,"column":19},"end":{"line":21,"column":20}},"loc":{"start":{"line":21,"column":26},"end":{"line":21,"column":45}},"line":21}},"branchMap":{"0":{"loc":{"start":{"line":7,"column":4},"end":{"line":14,"column":5}},"type":"if","locations":[{"start":{"line":7,"column":4},"end":{"line":14,"column":5}},{"start":{"line":7,"column":4},"end":{"line":14,"column":5}}],"line":7}},"s":{"0":2,"1":4,"2":4,"3":2,"4":0,"5":4,"6":0,"7":0,"8":2},"f":{"0":4,"1":0,"2":0,"3":0},"b":{"0":[2,2]},"_coverageSchema":"1a1c01bbd47fc00a2c39e90264f33305004495a9","hash":"3419fd20f6e18024df4456c7473a41243dca4dc9"}
,"/Users/kimanindegwa/Work/main/Personal/qitabuh/client/BooksList/BooksList.jsx": {"path":"/Users/kimanindegwa/Work/main/Personal/qitabuh/client/BooksList/BooksList.jsx","statementMap":{"0":{"start":{"line":7,"column":18},"end":{"line":25,"column":1}},"1":{"start":{"line":8,"column":4},"end":{"line":10,"column":5}},"2":{"start":{"line":9,"column":8},"end":{"line":9,"column":19}},"3":{"start":{"line":12,"column":22},"end":{"line":19,"column":6}},"4":{"start":{"line":13,"column":8},"end":{"line":18,"column":10}},"5":{"start":{"line":20,"column":4},"end":{"line":24,"column":5}},"6":{"start":{"line":27,"column":0},"end":{"line":39,"column":1}}},"fnMap":{"0":{"name":"(anonymous_0)","decl":{"start":{"line":7,"column":18},"end":{"line":7,"column":19}},"loc":{"start":{"line":7,"column":59},"end":{"line":25,"column":1}},"line":7},"1":{"name":"(anonymous_1)","decl":{"start":{"line":12,"column":32},"end":{"line":12,"column":33}},"loc":{"start":{"line":12,"column":38},"end":{"line":19,"column":5}},"line":12}},"branchMap":{"0":{"loc":{"start":{"line":8,"column":4},"end":{"line":10,"column":5}},"type":"if","locations":[{"start":{"line":8,"column":4},"end":{"line":10,"column":5}},{"start":{"line":8,"column":4},"end":{"line":10,"column":5}}],"line":8},"1":{"loc":{"start":{"line":8,"column":7},"end":{"line":8,"column":46}},"type":"binary-expr","locations":[{"start":{"line":8,"column":7},"end":{"line":8,"column":13}},{"start":{"line":8,"column":18},"end":{"line":8,"column":23}},{"start":{"line":8,"column":27},"end":{"line":8,"column":45}}],"line":8}},"s":{"0":1,"1":3,"2":2,"3":1,"4":1,"5":1,"6":1},"f":{"0":3,"1":1},"b":{"0":[2,1],"1":[3,3,3]},"_coverageSchema":"1a1c01bbd47fc00a2c39e90264f33305004495a9","hash":"2216a38df4d6f72e1c897ff6a5a3dac6cce1ee89"}
,"/Users/kimanindegwa/Work/main/Personal/qitabuh/client/TotalCharge/TotalCharge.jsx": {"path":"/Users/kimanindegwa/Work/main/Personal/qitabuh/client/TotalCharge/TotalCharge.jsx","statementMap":{"0":{"start":{"line":7,"column":20},"end":{"line":19,"column":1}},"1":{"start":{"line":8,"column":4},"end":{"line":8,"column":151}},"2":{"start":{"line":8,"column":30},"end":{"line":8,"column":151}},"3":{"start":{"line":9,"column":29},"end":{"line":9,"column":64}},"4":{"start":{"line":10,"column":4},"end":{"line":18,"column":5}},"5":{"start":{"line":21,"column":0},"end":{"line":23,"column":2}}},"fnMap":{"0":{"name":"(anonymous_0)","decl":{"start":{"line":7,"column":20},"end":{"line":7,"column":21}},"loc":{"start":{"line":7,"column":41},"end":{"line":19,"column":1}},"line":7}},"branchMap":{"0":{"loc":{"start":{"line":8,"column":4},"end":{"line":8,"column":151}},"type":"if","locations":[{"start":{"line":8,"column":4},"end":{"line":8,"column":151}},{"start":{"line":8,"column":4},"end":{"line":8,"column":151}}],"line":8}},"s":{"0":1,"1":3,"2":2,"3":1,"4":1,"5":1},"f":{"0":3},"b":{"0":[2,1]},"_coverageSchema":"1a1c01bbd47fc00a2c39e90264f33305004495a9","hash":"81fd538040abad109e65626b6bb45484d9e5f4cd"}
,"/Users/kimanindegwa/Work/main/Personal/qitabuh/client/actions/bookStoreActions.js": {"path":"/Users/kimanindegwa/Work/main/Personal/qitabuh/client/actions/bookStoreActions.js","statementMap":{"0":{"start":{"line":4,"column":20},"end":{"line":8,"column":1}},"1":{"start":{"line":5,"column":4},"end":{"line":7,"column":5}},"2":{"start":{"line":10,"column":28},"end":{"line":15,"column":1}},"3":{"start":{"line":11,"column":4},"end":{"line":14,"column":5}},"4":{"start":{"line":17,"column":26},"end":{"line":22,"column":1}},"5":{"start":{"line":18,"column":4},"end":{"line":21,"column":5}},"6":{"start":{"line":24,"column":29},"end":{"line":28,"column":1}},"7":{"start":{"line":25,"column":4},"end":{"line":27,"column":5}},"8":{"start":{"line":30,"column":37},"end":{"line":38,"column":1}},"9":{"start":{"line":31,"column":4},"end":{"line":37,"column":5}},"10":{"start":{"line":40,"column":35},"end":{"line":45,"column":1}},"11":{"start":{"line":41,"column":4},"end":{"line":44,"column":5}},"12":{"start":{"line":47,"column":27},"end":{"line":51,"column":1}},"13":{"start":{"line":48,"column":4},"end":{"line":50,"column":5}},"14":{"start":{"line":53,"column":35},"end":{"line":58,"column":1}},"15":{"start":{"line":54,"column":4},"end":{"line":57,"column":5}},"16":{"start":{"line":59,"column":33},"end":{"line":64,"column":1}},"17":{"start":{"line":60,"column":4},"end":{"line":63,"column":5}},"18":{"start":{"line":66,"column":27},"end":{"line":82,"column":1}},"19":{"start":{"line":67,"column":4},"end":{"line":81,"column":5}},"20":{"start":{"line":68,"column":8},"end":{"line":68,"column":32}},"21":{"start":{"line":69,"column":8},"end":{"line":80,"column":9}},"22":{"start":{"line":70,"column":25},"end":{"line":70,"column":45}},"23":{"start":{"line":71,"column":12},"end":{"line":71,"column":35}},"24":{"start":{"line":72,"column":12},"end":{"line":74,"column":13}},"25":{"start":{"line":73,"column":16},"end":{"line":73,"column":75}},"26":{"start":{"line":75,"column":29},"end":{"line":75,"column":46}},"27":{"start":{"line":76,"column":12},"end":{"line":76,"column":51}},"28":{"start":{"line":78,"column":12},"end":{"line":78,"column":38}},"29":{"start":{"line":79,"column":12},"end":{"line":79,"column":46}},"30":{"start":{"line":84,"column":26},"end":{"line":93,"column":1}},"31":{"start":{"line":85,"column":4},"end":{"line":92,"column":5}},"32":{"start":{"line":86,"column":8},"end":{"line":89,"column":9}},"33":{"start":{"line":87,"column":12},"end":{"line":87,"column":42}},"34":{"start":{"line":88,"column":12},"end":{"line":88,"column":56}},"35":{"start":{"line":91,"column":8},"end":{"line":91,"column":49}},"36":{"start":{"line":95,"column":30},"end":{"line":104,"column":1}},"37":{"start":{"line":96,"column":4},"end":{"line":103,"column":5}},"38":{"start":{"line":97,"column":8},"end":{"line":100,"column":9}},"39":{"start":{"line":98,"column":12},"end":{"line":98,"column":44}},"40":{"start":{"line":99,"column":12},"end":{"line":99,"column":74}},"41":{"start":{"line":102,"column":8},"end":{"line":102,"column":51}}},"fnMap":{"0":{"name":"(anonymous_0)","decl":{"start":{"line":4,"column":20},"end":{"line":4,"column":21}},"loc":{"start":{"line":4,"column":26},"end":{"line":8,"column":1}},"line":4},"1":{"name":"(anonymous_1)","decl":{"start":{"line":10,"column":28},"end":{"line":10,"column":29}},"loc":{"start":{"line":10,"column":39},"end":{"line":15,"column":1}},"line":10},"2":{"name":"(anonymous_2)","decl":{"start":{"line":17,"column":26},"end":{"line":17,"column":27}},"loc":{"start":{"line":17,"column":37},"end":{"line":22,"column":1}},"line":17},"3":{"name":"(anonymous_3)","decl":{"start":{"line":24,"column":29},"end":{"line":24,"column":30}},"loc":{"start":{"line":24,"column":35},"end":{"line":28,"column":1}},"line":24},"4":{"name":"(anonymous_4)","decl":{"start":{"line":30,"column":37},"end":{"line":30,"column":38}},"loc":{"start":{"line":30,"column":65},"end":{"line":38,"column":1}},"line":30},"5":{"name":"(anonymous_5)","decl":{"start":{"line":40,"column":35},"end":{"line":40,"column":36}},"loc":{"start":{"line":40,"column":46},"end":{"line":45,"column":1}},"line":40},"6":{"name":"(anonymous_6)","decl":{"start":{"line":47,"column":27},"end":{"line":47,"column":28}},"loc":{"start":{"line":47,"column":33},"end":{"line":51,"column":1}},"line":47},"7":{"name":"(anonymous_7)","decl":{"start":{"line":53,"column":35},"end":{"line":53,"column":36}},"loc":{"start":{"line":53,"column":45},"end":{"line":58,"column":1}},"line":53},"8":{"name":"(anonymous_8)","decl":{"start":{"line":59,"column":33},"end":{"line":59,"column":34}},"loc":{"start":{"line":59,"column":42},"end":{"line":64,"column":1}},"line":59},"9":{"name":"(anonymous_9)","decl":{"start":{"line":66,"column":27},"end":{"line":66,"column":28}},"loc":{"start":{"line":66,"column":33},"end":{"line":82,"column":1}},"line":66},"10":{"name":"(anonymous_10)","decl":{"start":{"line":67,"column":11},"end":{"line":67,"column":12}},"loc":{"start":{"line":67,"column":31},"end":{"line":81,"column":5}},"line":67},"11":{"name":"(anonymous_11)","decl":{"start":{"line":84,"column":26},"end":{"line":84,"column":27}},"loc":{"start":{"line":84,"column":38},"end":{"line":93,"column":1}},"line":84},"12":{"name":"(anonymous_12)","decl":{"start":{"line":86,"column":15},"end":{"line":86,"column":16}},"loc":{"start":{"line":86,"column":34},"end":{"line":89,"column":9}},"line":86},"13":{"name":"(anonymous_13)","decl":{"start":{"line":95,"column":30},"end":{"line":95,"column":31}},"loc":{"start":{"line":95,"column":58},"end":{"line":104,"column":1}},"line":95},"14":{"name":"(anonymous_14)","decl":{"start":{"line":97,"column":15},"end":{"line":97,"column":16}},"loc":{"start":{"line":97,"column":34},"end":{"line":100,"column":9}},"line":97}},"branchMap":{"0":{"loc":{"start":{"line":72,"column":12},"end":{"line":74,"column":13}},"type":"if","locations":[{"start":{"line":72,"column":12},"end":{"line":74,"column":13}},{"start":{"line":72,"column":12},"end":{"line":74,"column":13}}],"line":72}},"s":{"0":1,"1":1,"2":1,"3":0,"4":1,"5":1,"6":1,"7":0,"8":1,"9":0,"10":1,"11":0,"12":1,"13":0,"14":1,"15":0,"16":1,"17":0,"18":1,"19":1,"20":1,"21":1,"22":1,"23":1,"24":1,"25":0,"26":1,"27":0,"28":1,"29":1,"30":1,"31":0,"32":0,"33":0,"34":0,"35":0,"36":1,"37":0,"38":0,"39":0,"40":0,"41":0},"f":{"0":1,"1":0,"2":1,"3":0,"4":0,"5":0,"6":0,"7":0,"8":0,"9":1,"10":1,"11":0,"12":0,"13":0,"14":0},"b":{"0":[0,1]},"_coverageSchema":"1a1c01bbd47fc00a2c39e90264f33305004495a9","hash":"92b3bc7acd8a4d09b1eb526a3e80db11e2c802df"}
,"/Users/kimanindegwa/Work/main/Personal/qitabuh/client/actions/types.js": {"path":"/Users/kimanindegwa/Work/main/Personal/qitabuh/client/actions/types.js","statementMap":{"0":{"start":{"line":1,"column":29},"end":{"line":1,"column":44}},"1":{"start":{"line":2,"column":38},"end":{"line":2,"column":62}},"2":{"start":{"line":3,"column":36},"end":{"line":3,"column":58}},"3":{"start":{"line":5,"column":27},"end":{"line":5,"column":40}},"4":{"start":{"line":6,"column":36},"end":{"line":6,"column":58}},"5":{"start":{"line":7,"column":34},"end":{"line":7,"column":54}},"6":{"start":{"line":10,"column":39},"end":{"line":10,"column":64}},"7":{"start":{"line":11,"column":48},"end":{"line":11,"column":82}},"8":{"start":{"line":12,"column":46},"end":{"line":12,"column":78}}},"fnMap":{},"branchMap":{},"s":{"0":1,"1":1,"2":1,"3":1,"4":1,"5":1,"6":1,"7":1,"8":1},"f":{},"b":{},"_coverageSchema":"1a1c01bbd47fc00a2c39e90264f33305004495a9","hash":"ae89e0e8b4e7e98c8c37a2d721e24e415df8fb67"}
,"/Users/kimanindegwa/Work/main/Personal/qitabuh/server/BookStore.js": {"path":"/Users/kimanindegwa/Work/main/Personal/qitabuh/server/BookStore.js","statementMap":{"0":{"start":{"line":1,"column":16},"end":{"line":1,"column":34}},"1":{"start":{"line":5,"column":8},"end":{"line":5,"column":27}},"2":{"start":{"line":6,"column":8},"end":{"line":6,"column":58}},"3":{"start":{"line":10,"column":21},"end":{"line":16,"column":9}},"4":{"start":{"line":18,"column":8},"end":{"line":18,"column":49}},"5":{"start":{"line":23,"column":8},"end":{"line":23,"column":29}},"6":{"start":{"line":28,"column":8},"end":{"line":28,"column":34}},"7":{"start":{"line":33,"column":0},"end":{"line":33,"column":27}}},"fnMap":{"0":{"name":"(anonymous_0)","decl":{"start":{"line":4,"column":4},"end":{"line":4,"column":5}},"loc":{"start":{"line":4,"column":18},"end":{"line":7,"column":5}},"line":4},"1":{"name":"(anonymous_1)","decl":{"start":{"line":9,"column":4},"end":{"line":9,"column":5}},"loc":{"start":{"line":9,"column":19},"end":{"line":19,"column":5}},"line":9},"2":{"name":"(anonymous_2)","decl":{"start":{"line":22,"column":4},"end":{"line":22,"column":5}},"loc":{"start":{"line":22,"column":17},"end":{"line":24,"column":5}},"line":22},"3":{"name":"(anonymous_3)","decl":{"start":{"line":27,"column":4},"end":{"line":27,"column":5}},"loc":{"start":{"line":27,"column":16},"end":{"line":29,"column":5}},"line":27}},"branchMap":{},"s":{"0":1,"1":1,"2":1,"3":3,"4":3,"5":3,"6":1,"7":1},"f":{"0":1,"1":3,"2":3,"3":1},"b":{},"_coverageSchema":"1a1c01bbd47fc00a2c39e90264f33305004495a9","hash":"4c08cf8ce5e0ff7a771fd47397743a404a5b8a30"}
}
