{"/Users/kimanindegwa/Work/main/Personal/qitabuh/client/helpers.js": {"path":"/Users/kimanindegwa/Work/main/Personal/qitabuh/client/helpers.js","statementMap":{"0":{"start":{"line":1,"column":36},"end":{"line":15,"column":1}},"1":{"start":{"line":2,"column":4},"end":{"line":5,"column":6}},"2":{"start":{"line":2,"column":30},"end":{"line":5,"column":6}},"3":{"start":{"line":6,"column":24},"end":{"line":6,"column":25}},"4":{"start":{"line":7,"column":20},"end":{"line":9,"column":5}},"5":{"start":{"line":8,"column":8},"end":{"line":8,"column":40}},"6":{"start":{"line":10,"column":26},"end":{"line":10,"column":58}},"7":{"start":{"line":11,"column":4},"end":{"line":14,"column":6}}},"fnMap":{"0":{"name":"(anonymous_0)","decl":{"start":{"line":1,"column":36},"end":{"line":1,"column":37}},"loc":{"start":{"line":1,"column":55},"end":{"line":15,"column":1}},"line":1},"1":{"name":"(anonymous_1)","decl":{"start":{"line":7,"column":20},"end":{"line":7,"column":21}},"loc":{"start":{"line":7,"column":35},"end":{"line":9,"column":5}},"line":7}},"branchMap":{"0":{"loc":{"start":{"line":2,"column":4},"end":{"line":5,"column":6}},"type":"if","locations":[{"start":{"line":2,"column":4},"end":{"line":5,"column":6}},{"start":{"line":2,"column":4},"end":{"line":5,"column":6}}],"line":2}},"s":{"0":2,"1":4,"2":1,"3":3,"4":3,"5":5,"6":3,"7":3},"f":{"0":4,"1":5},"b":{"0":[1,3]},"_coverageSchema":"1a1c01bbd47fc00a2c39e90264f33305004495a9","hash":"6ea00ef45005c25dc9dde5753652cb071efedba2"}
,"/Users/kimanindegwa/Work/main/Personal/qitabuh/client/Book/Book.jsx": {"path":"/Users/kimanindegwa/Work/main/Personal/qitabuh/client/Book/Book.jsx","statementMap":{"0":{"start":{"line":5,"column":13},"end":{"line":26,"column":1}},"1":{"start":{"line":6,"column":26},"end":{"line":6,"column":30}},"2":{"start":{"line":7,"column":4},"end":{"line":14,"column":5}},"3":{"start":{"line":8,"column":8},"end":{"line":13,"column":10}},"4":{"start":{"line":10,"column":25},"end":{"line":10,"column":46}},"5":{"start":{"line":15,"column":4},"end":{"line":25,"column":9}},"6":{"start":{"line":17,"column":27},"end":{"line":17,"column":51}},"7":{"start":{"line":21,"column":26},"end":{"line":21,"column":45}},"8":{"start":{"line":28,"column":0},"end":{"line":34,"column":2}}},"fnMap":{"0":{"name":"(anonymous_0)","decl":{"start":{"line":5,"column":13},"end":{"line":5,"column":14}},"loc":{"start":{"line":5,"column":71},"end":{"line":26,"column":1}},"line":5},"1":{"name":"(anonymous_1)","decl":{"start":{"line":10,"column":18},"end":{"line":10,"column":19}},"loc":{"start":{"line":10,"column":25},"end":{"line":10,"column":46}},"line":10},"2":{"name":"(anonymous_2)","decl":{"start":{"line":17,"column":20},"end":{"line":17,"column":21}},"loc":{"start":{"line":17,"column":27},"end":{"line":17,"column":51}},"line":17},"3":{"name":"(anonymous_3)","decl":{"start":{"line":21,"column":19},"end":{"line":21,"column":20}},"loc":{"start":{"line":21,"column":26},"end":{"line":21,"column":45}},"line":21}},"branchMap":{"0":{"loc":{"start":{"line":7,"column":4},"end":{"line":14,"column":5}},"type":"if","locations":[{"start":{"line":7,"column":4},"end":{"line":14,"column":5}},{"start":{"line":7,"column":4},"end":{"line":14,"column":5}}],"line":7}},"s":{"0":2,"1":4,"2":4,"3":2,"4":0,"5":4,"6":0,"7":0,"8":2},"f":{"0":4,"1":0,"2":0,"3":0},"b":{"0":[2,2]},"_coverageSchema":"1a1c01bbd47fc00a2c39e90264f33305004495a9","hash":"3419fd20f6e18024df4456c7473a41243dca4dc9"}
,"/Users/kimanindegwa/Work/main/Personal/qitabuh/client/BooksList/BooksList.jsx": {"path":"/Users/kimanindegwa/Work/main/Personal/qitabuh/client/BooksList/BooksList.jsx","statementMap":{"0":{"start":{"line":7,"column":18},"end":{"line":25,"column":1}},"1":{"start":{"line":8,"column":4},"end":{"line":10,"column":5}},"2":{"start":{"line":9,"column":8},"end":{"line":9,"column":19}},"3":{"start":{"line":12,"column":22},"end":{"line":19,"column":6}},"4":{"start":{"line":13,"column":8},"end":{"line":18,"column":10}},"5":{"start":{"line":20,"column":4},"end":{"line":24,"column":5}},"6":{"start":{"line":27,"column":0},"end":{"line":39,"column":1}}},"fnMap":{"0":{"name":"(anonymous_0)","decl":{"start":{"line":7,"column":18},"end":{"line":7,"column":19}},"loc":{"start":{"line":7,"column":59},"end":{"line":25,"column":1}},"line":7},"1":{"name":"(anonymous_1)","decl":{"start":{"line":12,"column":32},"end":{"line":12,"column":33}},"loc":{"start":{"line":12,"column":38},"end":{"line":19,"column":5}},"line":12}},"branchMap":{"0":{"loc":{"start":{"line":8,"column":4},"end":{"line":10,"column":5}},"type":"if","locations":[{"start":{"line":8,"column":4},"end":{"line":10,"column":5}},{"start":{"line":8,"column":4},"end":{"line":10,"column":5}}],"line":8},"1":{"loc":{"start":{"line":8,"column":7},"end":{"line":8,"column":46}},"type":"binary-expr","locations":[{"start":{"line":8,"column":7},"end":{"line":8,"column":13}},{"start":{"line":8,"column":18},"end":{"line":8,"column":23}},{"start":{"line":8,"column":27},"end":{"line":8,"column":45}}],"line":8}},"s":{"0":1,"1":3,"2":2,"3":1,"4":1,"5":1,"6":1},"f":{"0":3,"1":1},"b":{"0":[2,1],"1":[3,3,3]},"_coverageSchema":"1a1c01bbd47fc00a2c39e90264f33305004495a9","hash":"2216a38df4d6f72e1c897ff6a5a3dac6cce1ee89"}
,"/Users/kimanindegwa/Work/main/Personal/qitabuh/client/TotalCharge/TotalCharge.jsx": {"path":"/Users/kimanindegwa/Work/main/Personal/qitabuh/client/TotalCharge/TotalCharge.jsx","statementMap":{"0":{"start":{"line":7,"column":20},"end":{"line":18,"column":1}},"1":{"start":{"line":8,"column":4},"end":{"line":8,"column":42}},"2":{"start":{"line":8,"column":30},"end":{"line":8,"column":42}},"3":{"start":{"line":9,"column":29},"end":{"line":9,"column":64}},"4":{"start":{"line":10,"column":4},"end":{"line":17,"column":5}},"5":{"start":{"line":20,"column":0},"end":{"line":22,"column":2}}},"fnMap":{"0":{"name":"(anonymous_0)","decl":{"start":{"line":7,"column":20},"end":{"line":7,"column":21}},"loc":{"start":{"line":7,"column":41},"end":{"line":18,"column":1}},"line":7}},"branchMap":{"0":{"loc":{"start":{"line":8,"column":4},"end":{"line":8,"column":42}},"type":"if","locations":[{"start":{"line":8,"column":4},"end":{"line":8,"column":42}},{"start":{"line":8,"column":4},"end":{"line":8,"column":42}}],"line":8}},"s":{"0":1,"1":3,"2":2,"3":1,"4":1,"5":1},"f":{"0":3},"b":{"0":[2,1]},"_coverageSchema":"1a1c01bbd47fc00a2c39e90264f33305004495a9","hash":"9255e2e790205df5901373c66e523cefd4700b45"}
,"/Users/kimanindegwa/Work/main/Personal/qitabuh/server/BookStore.js": {"path":"/Users/kimanindegwa/Work/main/Personal/qitabuh/server/BookStore.js","statementMap":{"0":{"start":{"line":1,"column":16},"end":{"line":1,"column":34}},"1":{"start":{"line":5,"column":8},"end":{"line":5,"column":27}},"2":{"start":{"line":9,"column":21},"end":{"line":15,"column":9}},"3":{"start":{"line":17,"column":8},"end":{"line":17,"column":49}},"4":{"start":{"line":22,"column":8},"end":{"line":22,"column":29}},"5":{"start":{"line":27,"column":8},"end":{"line":27,"column":34}},"6":{"start":{"line":32,"column":0},"end":{"line":32,"column":27}}},"fnMap":{"0":{"name":"(anonymous_0)","decl":{"start":{"line":4,"column":4},"end":{"line":4,"column":5}},"loc":{"start":{"line":4,"column":18},"end":{"line":6,"column":5}},"line":4},"1":{"name":"(anonymous_1)","decl":{"start":{"line":8,"column":4},"end":{"line":8,"column":5}},"loc":{"start":{"line":8,"column":36},"end":{"line":18,"column":5}},"line":8},"2":{"name":"(anonymous_2)","decl":{"start":{"line":21,"column":4},"end":{"line":21,"column":5}},"loc":{"start":{"line":21,"column":17},"end":{"line":23,"column":5}},"line":21},"3":{"name":"(anonymous_3)","decl":{"start":{"line":26,"column":4},"end":{"line":26,"column":5}},"loc":{"start":{"line":26,"column":16},"end":{"line":28,"column":5}},"line":26}},"branchMap":{"0":{"loc":{"start":{"line":8,"column":19},"end":{"line":8,"column":34}},"type":"default-arg","locations":[{"start":{"line":8,"column":30},"end":{"line":8,"column":34}}],"line":8}},"s":{"0":1,"1":1,"2":3,"3":3,"4":3,"5":1,"6":1},"f":{"0":1,"1":3,"2":3,"3":1},"b":{"0":[3]},"_coverageSchema":"1a1c01bbd47fc00a2c39e90264f33305004495a9","hash":"306a5f9ee729e946739aba5a41d0721b9b4b05cb"}
}
