TN:
SF:client/constants.js
FNF:0
FNH:0
DA:1,1
LF:1
LH:1
BRF:0
BRH:0
end_of_record
TN:
SF:client/helpers.js
FN:1,(anonymous_0)
FN:7,(anonymous_1)
FNF:2
FNH:2
FNDA:4,(anonymous_0)
FNDA:5,(anonymous_1)
DA:1,2
DA:2,4
DA:6,3
DA:7,3
DA:8,5
DA:10,3
DA:11,3
LF:7
LH:7
BRDA:2,0,0,1
BRDA:2,0,1,3
BRF:2
BRH:2
end_of_record
TN:
SF:client/Book/Book.jsx
FN:5,(anonymous_0)
FN:10,(anonymous_1)
FN:17,(anonymous_2)
FN:21,(anonymous_3)
FNF:4
FNH:1
FNDA:4,(anonymous_0)
FNDA:0,(anonymous_1)
FNDA:0,(anonymous_2)
FNDA:0,(anonymous_3)
DA:5,2
DA:6,4
DA:7,4
DA:8,2
DA:10,0
DA:15,4
DA:17,0
DA:21,0
DA:28,2
LF:9
LH:6
BRDA:7,0,0,2
BRDA:7,0,1,2
BRF:2
BRH:2
end_of_record
TN:
SF:client/BooksList/BooksList.jsx
FN:7,(anonymous_0)
FN:12,(anonymous_1)
FNF:2
FNH:2
FNDA:3,(anonymous_0)
FNDA:1,(anonymous_1)
DA:7,1
DA:8,3
DA:9,2
DA:12,1
DA:13,1
DA:20,1
DA:27,1
LF:7
LH:7
BRDA:8,0,0,2
BRDA:8,0,1,1
BRDA:8,1,0,3
BRDA:8,1,1,3
BRDA:8,1,2,3
BRF:5
BRH:5
end_of_record
TN:
SF:client/TotalCharge/TotalCharge.jsx
FN:7,(anonymous_0)
FNF:1
FNH:1
FNDA:3,(anonymous_0)
DA:7,1
DA:8,3
DA:9,1
DA:10,1
DA:20,1
LF:5
LH:5
BRDA:8,0,0,2
BRDA:8,0,1,1
BRF:2
BRH:2
end_of_record
TN:
SF:client/actions/bookStoreActions.js
FN:4,(anonymous_0)
FN:10,(anonymous_1)
FN:17,(anonymous_2)
FN:24,(anonymous_3)
FN:30,(anonymous_4)
FN:40,(anonymous_5)
FN:47,(anonymous_6)
FN:53,(anonymous_7)
FN:59,(anonymous_8)
FN:66,(anonymous_9)
FN:67,(anonymous_10)
FN:82,(anonymous_11)
FN:84,(anonymous_12)
FN:93,(anonymous_13)
FN:95,(anonymous_14)
FNF:15
FNH:4
FNDA:1,(anonymous_0)
FNDA:0,(anonymous_1)
FNDA:1,(anonymous_2)
FNDA:0,(anonymous_3)
FNDA:0,(anonymous_4)
FNDA:0,(anonymous_5)
FNDA:0,(anonymous_6)
FNDA:0,(anonymous_7)
FNDA:0,(anonymous_8)
FNDA:1,(anonymous_9)
FNDA:1,(anonymous_10)
FNDA:0,(anonymous_11)
FNDA:0,(anonymous_12)
FNDA:0,(anonymous_13)
FNDA:0,(anonymous_14)
DA:4,1
DA:5,1
DA:10,1
DA:11,0
DA:17,1
DA:18,1
DA:24,1
DA:25,0
DA:30,1
DA:31,0
DA:40,1
DA:41,0
DA:47,1
DA:48,0
DA:53,1
DA:54,0
DA:59,1
DA:60,0
DA:66,1
DA:67,1
DA:68,1
DA:69,1
DA:70,1
DA:71,1
DA:72,0
DA:74,1
DA:75,0
DA:77,1
DA:82,1
DA:83,0
DA:84,0
DA:85,0
DA:86,0
DA:89,0
DA:93,1
DA:94,0
DA:95,0
DA:96,0
DA:97,0
DA:100,0
LF:40
LH:21
BRDA:71,0,0,0
BRDA:71,0,1,1
BRF:2
BRH:1
end_of_record
TN:
SF:client/actions/types.js
FNF:0
FNH:0
DA:1,1
DA:2,1
DA:3,1
DA:5,1
DA:6,1
DA:7,1
DA:10,1
DA:11,1
DA:12,1
LF:9
LH:9
BRF:0
BRH:0
end_of_record
TN:
SF:server/BookStore.js
FN:4,(anonymous_0)
FN:8,(anonymous_1)
FN:21,(anonymous_2)
FN:26,(anonymous_3)
FNF:4
FNH:4
FNDA:1,(anonymous_0)
FNDA:3,(anonymous_1)
FNDA:3,(anonymous_2)
FNDA:1,(anonymous_3)
DA:1,1
DA:5,1
DA:9,3
DA:17,3
DA:22,3
DA:27,1
DA:32,1
LF:7
LH:7
BRDA:8,0,0,3
BRF:1
BRH:1
end_of_record
